# JRE version: Java(TM) SE Runtime Environment (8.0_191-b12) (build 1.8.0_191-b12)
# Java VM: Java HotSpot(TM) Client VM (25.191-b12 mixed mode windows-x86 )
Heap:
 def new generation   total 39296K, used 5059K [0x05800000, 0x082a0000, 0x102a0000)
  eden space 34944K,   2% used [0x05800000, 0x058b0fc8, 0x07a20000)
  from space 4352K, 100% used [0x07a20000, 0x07e60000, 0x07e60000)
  to   space 4352K,   0% used [0x07e60000, 0x07e60000, 0x082a0000)
 tenured generation   total 87424K, used 53520K [0x102a0000, 0x15800000, 0x25800000)
   the space 87424K,  61% used [0x102a0000, 0x136e4350, 0x136e4400, 0x15800000)
 Metaspace       used 12070K, capacity 12265K, committed 12288K, reserved 12672K
GC Heap History (9 events):
Event: 0.523 GC heap before
{Heap before GC invocations=0 (full 0):
 def new generation   total 39296K, used 34944K [0x05800000, 0x082a0000, 0x102a0000)
  eden space 34944K, 100% used [0x05800000, 0x07a20000, 0x07a20000)
  from space 4352K,   0% used [0x07a20000, 0x07a20000, 0x07e60000)
  to   space 4352K,   0% used [0x07e60000, 0x07e60000, 0x082a0000)
 tenured generation   total 87424K, used 0K [0x102a0000, 0x15800000, 0x25800000)
   the space 87424K,   0% used [0x102a0000, 0x102a0000, 0x102a0200, 0x15800000)
 Metaspace       used 8299K, capacity 8445K, committed 8448K, reserved 8576K
Event: 0.531 GC heap after
Heap after GC invocations=1 (full 0):
 def new generation   total 39296K, used 4352K [0x05800000, 0x082a0000, 0x102a0000)
  eden space 34944K,   0% used [0x05800000, 0x05800000, 0x07a20000)
  from space 4352K, 100% used [0x07e60000, 0x082a0000, 0x082a0000)
  to   space 4352K,   0% used [0x07a20000, 0x07a20000, 0x07e60000)
 tenured generation   total 87424K, used 2113K [0x102a0000, 0x15800000, 0x25800000)
   the space 87424K,   2% used [0x102a0000, 0x104b0770, 0x104b0800, 0x15800000)
 Metaspace       used 8299K, capacity 8445K, committed 8448K, reserved 8576K
}
Event: 0.745 GC heap before
{Heap before GC invocations=1 (full 0):
 def new generation   total 39296K, used 39296K [0x05800000, 0x082a0000, 0x102a0000)
  eden space 34944K, 100% used [0x05800000, 0x07a20000, 0x07a20000)
  from space 4352K, 100% used [0x07e60000, 0x082a0000, 0x082a0000)
  to   space 4352K,   0% used [0x07a20000, 0x07a20000, 0x07e60000)
 tenured generation   total 87424K, used 2113K [0x102a0000, 0x15800000, 0x25800000)
   the space 87424K,   2% used [0x102a0000, 0x104b0770, 0x104b0800, 0x15800000)
 Metaspace       used 9004K, capacity 9236K, committed 9344K, reserved 9600K
Event: 0.758 GC heap after
Heap after GC invocations=2 (full 0):
 def new generation   total 39296K, used 4352K [0x05800000, 0x082a0000, 0x102a0000)
  eden space 34944K,   0% used [0x05800000, 0x05800000, 0x07a20000)
  from space 4352K, 100% used [0x07a20000, 0x07e60000, 0x07e60000)
  to   space 4352K,   0% used [0x07e60000, 0x07e60000, 0x082a0000)
 tenured generation   total 87424K, used 6402K [0x102a0000, 0x15800000, 0x25800000)
   the space 87424K,   7% used [0x102a0000, 0x108e0a38, 0x108e0c00, 0x15800000)
 Metaspace       used 9004K, capacity 9236K, committed 9344K, reserved 9600K
}
Event: 0.862 GC heap before
{Heap before GC invocations=2 (full 0):
 def new generation   total 39296K, used 39296K [0x05800000, 0x082a0000, 0x102a0000)
  eden space 34944K, 100% used [0x05800000, 0x07a20000, 0x07a20000)
  from space 4352K, 100% used [0x07a20000, 0x07e60000, 0x07e60000)
  to   space 4352K,   0% used [0x07e60000, 0x07e60000, 0x082a0000)
 tenured generation   total 87424K, used 6402K [0x102a0000, 0x15800000, 0x25800000)
   the space 87424K,   7% used [0x102a0000, 0x108e0a38, 0x108e0c00, 0x15800000)
 Metaspace       used 9006K, capacity 9239K, committed 9344K, reserved 9600K
Event: 0.915 GC heap after
Heap after GC invocations=3 (full 0):
 def new generation   total 39296K, used 4351K [0x05800000, 0x082a0000, 0x102a0000)
  eden space 34944K,   0% used [0x05800000, 0x05800000, 0x07a20000)
  from space 4352K,  99% used [0x07e60000, 0x0829fff8, 0x082a0000)
  to   space 4352K,   0% used [0x07a20000, 0x07a20000, 0x07e60000)
 tenured generation   total 87424K, used 39933K [0x102a0000, 0x15800000, 0x25800000)
   the space 87424K,  45% used [0x102a0000, 0x1299f608, 0x1299f800, 0x15800000)
 Metaspace       used 9006K, capacity 9239K, committed 9344K, reserved 9600K
}
Event: 3.284 GC heap before
{Heap before GC invocations=3 (full 0):
 def new generation   total 39296K, used 39295K [0x05800000, 0x082a0000, 0x102a0000)
  eden space 34944K, 100% used [0x05800000, 0x07a20000, 0x07a20000)
  from space 4352K,  99% used [0x07e60000, 0x0829fff8, 0x082a0000)
  to   space 4352K,   0% used [0x07a20000, 0x07a20000, 0x07e60000)
 tenured generation   total 87424K, used 39933K [0x102a0000, 0x15800000, 0x25800000)
   the space 87424K,  45% used [0x102a0000, 0x1299f608, 0x1299f800, 0x15800000)
 Metaspace       used 12060K, capacity 12265K, committed 12288K, reserved 12672K
Event: 3.305 GC heap after
Heap after GC invocations=4 (full 0):
 def new generation   total 39296K, used 4352K [0x05800000, 0x082a0000, 0x102a0000)
  eden space 34944K,   0% used [0x05800000, 0x05800000, 0x07a20000)
  from space 4352K, 100% used [0x07a20000, 0x07e60000, 0x07e60000)
  to   space 4352K,   0% used [0x07e60000, 0x07e60000, 0x082a0000)
 tenured generation   total 87424K, used 53520K [0x102a0000, 0x15800000, 0x25800000)
   the space 87424K,  61% used [0x102a0000, 0x136e4350, 0x136e4400, 0x15800000)
 Metaspace       used 12060K, capacity 12265K, committed 12288K, reserved 12672K
}
Event: 3.306 GC heap before
{Heap before GC invocations=4 (full 0):
 def new generation   total 39296K, used 5059K [0x05800000, 0x082a0000, 0x102a0000)
  eden space 34944K,   2% used [0x05800000, 0x058b0fc8, 0x07a20000)
  from space 4352K, 100% used [0x07a20000, 0x07e60000, 0x07e60000)
  to   space 4352K,   0% used [0x07e60000, 0x07e60000, 0x082a0000)
 tenured generation   total 87424K, used 53520K [0x102a0000, 0x15800000, 0x25800000)
   the space 87424K,  61% used [0x102a0000, 0x136e4350, 0x136e4400, 0x15800000)
 Metaspace       used 12070K, capacity 12265K, committed 12288K, reserved 12672K

